<?xml version="1.0" encoding="UTF-8"?>
<testng-results ignored="0" total="3" passed="3" failed="0" skipped="0">
  <reporter-output>
  </reporter-output>
  <suite started-at="2024-12-22T10:04:35 IST" name="Default suite" finished-at="2024-12-22T10:05:24 IST" duration-ms="48915">
    <groups>
      <group name="cucumber">
        <method signature="AbstractTestNGCucumberTests.runScenario(io.cucumber.testng.PickleWrapper,io.cucumber.testng.FeatureWrapper)[pri:0, instance:Runner.TestRunner@3eb738bb]" name="runScenario" class="io.cucumber.testng.AbstractTestNGCucumberTests"/>
      </group> <!-- cucumber -->
    </groups>
    <test started-at="2024-12-22T10:04:35 IST" name="Default test" finished-at="2024-12-22T10:05:24 IST" duration-ms="48915">
      <class name="Runner.TestRunner">
        <test-method is-config="true" signature="setUpClass(org.testng.ITestContext)[pri:0, instance:Runner.TestRunner@3eb738bb]" started-at="2024-12-22T10:04:35 IST" name="setUpClass" finished-at="2024-12-22T10:04:35 IST" duration-ms="548" status="PASS">
          <params>
            <param index="0">
              <value>
                <![CDATA[org.testng.TestRunner@b965857]]>
              </value>
            </param>
          </params>
          <reporter-output>
          </reporter-output>
        </test-method> <!-- setUpClass -->
        <test-method signature="runScenario(io.cucumber.testng.PickleWrapper,io.cucumber.testng.FeatureWrapper)[pri:0, instance:Runner.TestRunner@3eb738bb]" started-at="2024-12-22T10:04:36 IST" name="runScenario" description="Runs Cucumber Scenarios" data-provider="scenarios" finished-at="2024-12-22T10:04:55 IST" duration-ms="19207" status="PASS">
          <params>
            <param index="0">
              <value>
                <![CDATA["Validate Webshop login with Invalid user and valid password"]]>
              </value>
            </param>
            <param index="1">
              <value>
                <![CDATA["Validate Tricenties Webshop login function"]]>
              </value>
            </param>
          </params>
          <reporter-output>
          </reporter-output>
        </test-method> <!-- runScenario -->
        <test-method signature="runScenario(io.cucumber.testng.PickleWrapper,io.cucumber.testng.FeatureWrapper)[pri:0, instance:Runner.TestRunner@3eb738bb]" started-at="2024-12-22T10:04:55 IST" name="runScenario" description="Runs Cucumber Scenarios" data-provider="scenarios" finished-at="2024-12-22T10:05:09 IST" duration-ms="14551" status="PASS">
          <params>
            <param index="0">
              <value>
                <![CDATA["Validate Webshop login with Valid user and Invalid password"]]>
              </value>
            </param>
            <param index="1">
              <value>
                <![CDATA["Validate Tricenties Webshop login function"]]>
              </value>
            </param>
          </params>
          <reporter-output>
          </reporter-output>
        </test-method> <!-- runScenario -->
        <test-method signature="runScenario(io.cucumber.testng.PickleWrapper,io.cucumber.testng.FeatureWrapper)[pri:0, instance:Runner.TestRunner@3eb738bb]" started-at="2024-12-22T10:05:09 IST" name="runScenario" description="Runs Cucumber Scenarios" data-provider="scenarios" finished-at="2024-12-22T10:05:24 IST" duration-ms="14438" status="PASS">
          <params>
            <param index="0">
              <value>
                <![CDATA["Validate Webshop login with InValid user and Invalid password"]]>
              </value>
            </param>
            <param index="1">
              <value>
                <![CDATA["Validate Tricenties Webshop login function"]]>
              </value>
            </param>
          </params>
          <reporter-output>
          </reporter-output>
        </test-method> <!-- runScenario -->
        <test-method is-config="true" signature="tearDownClass()[pri:0, instance:Runner.TestRunner@3eb738bb]" started-at="2024-12-22T10:05:24 IST" name="tearDownClass" finished-at="2024-12-22T10:05:24 IST" duration-ms="7" status="PASS">
          <reporter-output>
          </reporter-output>
        </test-method> <!-- tearDownClass -->
      </class> <!-- Runner.TestRunner -->
    </test> <!-- Default test -->
  </suite> <!-- Default suite -->
</testng-results>
