<?xml version="1.0" encoding="UTF-8"?>
<testng-results ignored="0" total="1" passed="1" failed="0" skipped="0">
  <reporter-output>
  </reporter-output>
  <suite started-at="2024-12-25T04:16:52 IST" name="Default suite" finished-at="2024-12-25T04:17:11 IST" duration-ms="18897">
    <groups>
      <group name="cucumber">
        <method signature="AbstractTestNGCucumberTests.runScenario(io.cucumber.testng.PickleWrapper,io.cucumber.testng.FeatureWrapper)[pri:0, instance:Runner.TestRunner@3eb738bb]" name="runScenario" class="io.cucumber.testng.AbstractTestNGCucumberTests"/>
      </group> <!-- cucumber -->
    </groups>
    <test started-at="2024-12-25T04:16:52 IST" name="Default test" finished-at="2024-12-25T04:17:11 IST" duration-ms="18897">
      <class name="Runner.TestRunner">
        <test-method is-config="true" signature="setUpClass(org.testng.ITestContext)[pri:0, instance:Runner.TestRunner@3eb738bb]" started-at="2024-12-25T04:16:52 IST" name="setUpClass" finished-at="2024-12-25T04:16:53 IST" duration-ms="493" status="PASS">
          <params>
            <param index="0">
              <value>
                <![CDATA[org.testng.TestRunner@53692008]]>
              </value>
            </param>
          </params>
          <reporter-output>
          </reporter-output>
        </test-method> <!-- setUpClass -->
        <test-method signature="runScenario(io.cucumber.testng.PickleWrapper,io.cucumber.testng.FeatureWrapper)[pri:0, instance:Runner.TestRunner@3eb738bb]" started-at="2024-12-25T04:16:53 IST" name="runScenario" description="Runs Cucumber Scenarios" data-provider="scenarios" finished-at="2024-12-25T04:17:11 IST" duration-ms="18279" status="PASS">
          <params>
            <param index="0">
              <value>
                <![CDATA["Validate Webshop login with Invalid user and valid password"]]>
              </value>
            </param>
            <param index="1">
              <value>
                <![CDATA["Validate Tricenties Webshop login function"]]>
              </value>
            </param>
          </params>
          <reporter-output>
          </reporter-output>
        </test-method> <!-- runScenario -->
        <test-method is-config="true" signature="tearDownClass()[pri:0, instance:Runner.TestRunner@3eb738bb]" started-at="2024-12-25T04:17:11 IST" name="tearDownClass" finished-at="2024-12-25T04:17:11 IST" duration-ms="17" status="PASS">
          <reporter-output>
          </reporter-output>
        </test-method> <!-- tearDownClass -->
      </class> <!-- Runner.TestRunner -->
    </test> <!-- Default test -->
  </suite> <!-- Default suite -->
</testng-results>
